<?xml version="1.0" encoding="UTF-8"?>
<!-- Generated by org.testng.reporters.JUnitXMLReporter -->
<testsuite ignored="0" hostname="Kamala" failures="1" tests="2" name="Surefire test" time="47.783" errors="0" timestamp="2025-04-01T22:39:11 CDT">
  <testcase classname="AutomatingAmazonApplnTests.Testcase1" name="login_search_wishlist_cart" time="13.628">
    <failure type="java.lang.NullPointerException" message="Cannot invoke &amp;quot;org.openqa.selenium.WebDriver.navigate()&amp;quot; because &amp;quot;this.driver&amp;quot; is null">
      <![CDATA[java.lang.NullPointerException: Cannot invoke "org.openqa.selenium.WebDriver.navigate()" because "this.driver" is null
at AmazonPages.AmazonHomePage.search(AmazonHomePage.java:42)
at AutomatingAmazonApplnTests.Testcase1.login_search_wishlist_cart(Testcase1.java:25)
at java.base/java.util.ArrayList.forEach(ArrayList.java:1597)
... Removed 30 stack frames]]>
    </failure>
  </testcase> <!-- login_search_wishlist_cart -->
  <testcase classname="GTM_AmazonProject1_TestPages.TestCase1" name="correct_login" time="6.47"/>
</testsuite> <!-- Surefire test -->
