<?xml version="1.0" encoding="UTF-8"?>
<testng-results ignored="0" total="2" passed="1" failed="1" skipped="0">
  <reporter-output>
  </reporter-output>
  <suite started-at="2025-04-01T22:38:23 CDT" name="Surefire suite" finished-at="2025-04-01T22:39:11 CDT" duration-ms="47783">
    <groups>
    </groups>
    <test started-at="2025-04-01T22:38:23 CDT" name="Surefire test" finished-at="2025-04-01T22:39:11 CDT" duration-ms="47783">
      <class name="AutomatingAmazonApplnTests.Testcase1">
        <test-method is-config="true" signature="launch()[pri:0, instance:AutomatingAmazonApplnTests.Testcase1@34b7ac2f]" started-at="2025-04-01T22:38:23 CDT" name="launch" finished-at="2025-04-01T22:38:29 CDT" duration-ms="5573" status="PASS">
          <reporter-output>
          </reporter-output>
        </test-method> <!-- launch -->
        <test-method signature="login_search_wishlist_cart()[pri:0, instance:AutomatingAmazonApplnTests.Testcase1@34b7ac2f]" started-at="2025-04-01T22:38:42 CDT" name="login_search_wishlist_cart" finished-at="2025-04-01T22:38:56 CDT" duration-ms="13628" status="FAIL">
          <exception class="java.lang.NullPointerException">
            <message>
              <![CDATA[Cannot invoke "org.openqa.selenium.WebDriver.navigate()" because "this.driver" is null]]>
            </message>
            <full-stacktrace>
              <![CDATA[java.lang.NullPointerException: Cannot invoke "org.openqa.selenium.WebDriver.navigate()" because "this.driver" is null
at AmazonPages.AmazonHomePage.search(AmazonHomePage.java:42)
at AutomatingAmazonApplnTests.Testcase1.login_search_wishlist_cart(Testcase1.java:25)
at java.base/jdk.internal.reflect.DirectMethodHandleAccessor.invoke(DirectMethodHandleAccessor.java:103)
at java.base/java.lang.reflect.Method.invoke(Method.java:580)
at org.testng.internal.invokers.MethodInvocationHelper.invokeMethod(MethodInvocationHelper.java:141)
at org.testng.internal.invokers.TestInvoker.invokeMethod(TestInvoker.java:686)
at org.testng.internal.invokers.TestInvoker.invokeTestMethod(TestInvoker.java:230)
at org.testng.internal.invokers.MethodRunner.runInSequence(MethodRunner.java:63)
at org.testng.internal.invokers.TestInvoker$MethodInvocationAgent.invoke(TestInvoker.java:992)
at org.testng.internal.invokers.TestInvoker.invokeTestMethods(TestInvoker.java:203)
at org.testng.internal.invokers.TestMethodWorker.invokeTestMethods(TestMethodWorker.java:154)
at org.testng.internal.invokers.TestMethodWorker.run(TestMethodWorker.java:134)
at java.base/java.util.ArrayList.forEach(ArrayList.java:1597)
at org.testng.TestRunner.privateRun(TestRunner.java:739)
at org.testng.TestRunner.run(TestRunner.java:614)
at org.testng.SuiteRunner.runTest(SuiteRunner.java:421)
at org.testng.SuiteRunner.runSequentially(SuiteRunner.java:413)
at org.testng.SuiteRunner.privateRun(SuiteRunner.java:373)
at org.testng.SuiteRunner.run(SuiteRunner.java:312)
at org.testng.SuiteRunnerWorker.runSuite(SuiteRunnerWorker.java:52)
at org.testng.SuiteRunnerWorker.run(SuiteRunnerWorker.java:95)
at org.testng.TestNG.runSuitesSequentially(TestNG.java:1274)
at org.testng.TestNG.runSuitesLocally(TestNG.java:1208)
at org.testng.TestNG.runSuites(TestNG.java:1112)
at org.testng.TestNG.run(TestNG.java:1079)
at org.apache.maven.surefire.testng.TestNGExecutor.run(TestNGExecutor.java:155)
at org.apache.maven.surefire.testng.TestNGDirectoryTestSuite.executeMulti(TestNGDirectoryTestSuite.java:169)
at org.apache.maven.surefire.testng.TestNGDirectoryTestSuite.execute(TestNGDirectoryTestSuite.java:88)
at org.apache.maven.surefire.testng.TestNGProvider.invoke(TestNGProvider.java:137)
at org.apache.maven.surefire.booter.ForkedBooter.runSuitesInProcess(ForkedBooter.java:385)
at org.apache.maven.surefire.booter.ForkedBooter.execute(ForkedBooter.java:162)
at org.apache.maven.surefire.booter.ForkedBooter.run(ForkedBooter.java:507)
at org.apache.maven.surefire.booter.ForkedBooter.main(ForkedBooter.java:495)
]]>
            </full-stacktrace>
          </exception> <!-- java.lang.NullPointerException -->
          <reporter-output>
          </reporter-output>
        </test-method> <!-- login_search_wishlist_cart -->
        <test-method is-config="true" signature="quit()[pri:0, instance:AutomatingAmazonApplnTests.Testcase1@34b7ac2f]" started-at="2025-04-01T22:39:02 CDT" name="quit" finished-at="2025-04-01T22:39:04 CDT" duration-ms="2049" status="PASS">
          <reporter-output>
          </reporter-output>
        </test-method> <!-- quit -->
      </class> <!-- AutomatingAmazonApplnTests.Testcase1 -->
      <class name="GTM_AmazonProject1_TestPages.TestCase1">
        <test-method is-config="true" signature="launch()[pri:0, instance:GTM_AmazonProject1_TestPages.TestCase1@2667f029]" started-at="2025-04-01T22:38:29 CDT" name="launch" finished-at="2025-04-01T22:38:41 CDT" duration-ms="12868" status="PASS">
          <reporter-output>
          </reporter-output>
        </test-method> <!-- launch -->
        <test-method signature="correct_login()[pri:0, instance:GTM_AmazonProject1_TestPages.TestCase1@2667f029]" started-at="2025-04-01T22:38:56 CDT" name="correct_login" finished-at="2025-04-01T22:39:02 CDT" duration-ms="6470" status="PASS">
          <reporter-output>
          </reporter-output>
        </test-method> <!-- correct_login -->
        <test-method is-config="true" signature="quit()[pri:0, instance:GTM_AmazonProject1_TestPages.TestCase1@2667f029]" started-at="2025-04-01T22:39:04 CDT" name="quit" finished-at="2025-04-01T22:39:11 CDT" duration-ms="6409" status="PASS">
          <reporter-output>
          </reporter-output>
        </test-method> <!-- quit -->
      </class> <!-- GTM_AmazonProject1_TestPages.TestCase1 -->
    </test> <!-- Surefire test -->
  </suite> <!-- Surefire suite -->
</testng-results>
